Analysis & Synthesis report for A
Tue Dec 12 19:04:22 2017
Quartus II 64-Bit Version 13.0.1 Build 232 06/12/2013 Service Pack 1 SJ Full Version


---------------------
; Table of Contents ;
---------------------
  1. Legal Notice
  2. Analysis & Synthesis Summary
  3. Analysis & Synthesis Settings
  4. Parallel Compilation
  5. Analysis & Synthesis Source Files Read
  6. Analysis & Synthesis Resource Usage Summary
  7. Analysis & Synthesis Resource Utilization by Entity
  8. Analysis & Synthesis RAM Summary
  9. Analysis & Synthesis IP Cores Summary
 10. User-Specified and Inferred Latches
 11. General Register Statistics
 12. Source assignments for A3RAM:inst1|RAM16:inst5|altsyncram:altsyncram_component|altsyncram_ivd1:auto_generated
 13. Parameter Settings for User Entity Instance: A3RAM:inst1|RAM16:inst5|altsyncram:altsyncram_component
 14. altsyncram Parameter Settings by Entity Instance
 15. Elapsed Time Per Partition
 16. Analysis & Synthesis Messages



----------------
; Legal Notice ;
----------------
Copyright (C) 1991-2013 Altera Corporation
Your use of Altera Corporation's design tools, logic functions 
and other software and tools, and its AMPP partner logic 
functions, and any output files from any of the foregoing 
(including device programming or simulation files), and any 
associated documentation or information are expressly subject 
to the terms and conditions of the Altera Program License 
Subscription Agreement, Altera MegaCore Function License 
Agreement, or other applicable license agreement, including, 
without limitation, that your use is for the sole purpose of 
programming logic devices manufactured by Altera and sold by 
Altera or its authorized distributors.  Please refer to the 
applicable agreement for further details.



+---------------------------------------------------------------------------------------+
; Analysis & Synthesis Summary                                                          ;
+------------------------------------+--------------------------------------------------+
; Analysis & Synthesis Status        ; Successful - Tue Dec 12 19:04:22 2017            ;
; Quartus II 64-Bit Version          ; 13.0.1 Build 232 06/12/2013 SP 1 SJ Full Version ;
; Revision Name                      ; A                                                ;
; Top-level Entity Name              ; A4                                               ;
; Family                             ; Cyclone IV GX                                    ;
; Total logic elements               ; 246                                              ;
;     Total combinational functions  ; 190                                              ;
;     Dedicated logic registers      ; 72                                               ;
; Total registers                    ; 72                                               ;
; Total pins                         ; 49                                               ;
; Total virtual pins                 ; 0                                                ;
; Total memory bits                  ; 4,096                                            ;
; Embedded Multiplier 9-bit elements ; 0                                                ;
; Total GXB Receiver Channel PCS     ; 0                                                ;
; Total GXB Receiver Channel PMA     ; 0                                                ;
; Total GXB Transmitter Channel PCS  ; 0                                                ;
; Total GXB Transmitter Channel PMA  ; 0                                                ;
; Total PLLs                         ; 0                                                ;
+------------------------------------+--------------------------------------------------+


+----------------------------------------------------------------------------------------------------------------------+
; Analysis & Synthesis Settings                                                                                        ;
+----------------------------------------------------------------------------+--------------------+--------------------+
; Option                                                                     ; Setting            ; Default Value      ;
+----------------------------------------------------------------------------+--------------------+--------------------+
; Top-level entity name                                                      ; A4                 ; A                  ;
; Family name                                                                ; Cyclone IV GX      ; Cyclone IV GX      ;
; Use smart compilation                                                      ; Off                ; Off                ;
; Enable parallel Assembler and TimeQuest Timing Analyzer during compilation ; On                 ; On                 ;
; Enable compact report table                                                ; Off                ; Off                ;
; Restructure Multiplexers                                                   ; Auto               ; Auto               ;
; Create Debugging Nodes for IP Cores                                        ; Off                ; Off                ;
; Preserve fewer node names                                                  ; On                 ; On                 ;
; Disable OpenCore Plus hardware evaluation                                  ; Off                ; Off                ;
; Verilog Version                                                            ; Verilog_2001       ; Verilog_2001       ;
; VHDL Version                                                               ; VHDL_1993          ; VHDL_1993          ;
; State Machine Processing                                                   ; Auto               ; Auto               ;
; Safe State Machine                                                         ; Off                ; Off                ;
; Extract Verilog State Machines                                             ; On                 ; On                 ;
; Extract VHDL State Machines                                                ; On                 ; On                 ;
; Ignore Verilog initial constructs                                          ; Off                ; Off                ;
; Iteration limit for constant Verilog loops                                 ; 5000               ; 5000               ;
; Iteration limit for non-constant Verilog loops                             ; 250                ; 250                ;
; Add Pass-Through Logic to Inferred RAMs                                    ; On                 ; On                 ;
; Infer RAMs from Raw Logic                                                  ; On                 ; On                 ;
; Parallel Synthesis                                                         ; On                 ; On                 ;
; DSP Block Balancing                                                        ; Auto               ; Auto               ;
; NOT Gate Push-Back                                                         ; On                 ; On                 ;
; Power-Up Don't Care                                                        ; On                 ; On                 ;
; Remove Redundant Logic Cells                                               ; Off                ; Off                ;
; Remove Duplicate Registers                                                 ; On                 ; On                 ;
; Ignore CARRY Buffers                                                       ; Off                ; Off                ;
; Ignore CASCADE Buffers                                                     ; Off                ; Off                ;
; Ignore GLOBAL Buffers                                                      ; Off                ; Off                ;
; Ignore ROW GLOBAL Buffers                                                  ; Off                ; Off                ;
; Ignore LCELL Buffers                                                       ; Off                ; Off                ;
; Ignore SOFT Buffers                                                        ; On                 ; On                 ;
; Limit AHDL Integers to 32 Bits                                             ; Off                ; Off                ;
; Optimization Technique                                                     ; Balanced           ; Balanced           ;
; Carry Chain Length                                                         ; 70                 ; 70                 ;
; Auto Carry Chains                                                          ; On                 ; On                 ;
; Auto Open-Drain Pins                                                       ; On                 ; On                 ;
; Perform WYSIWYG Primitive Resynthesis                                      ; Off                ; Off                ;
; Auto ROM Replacement                                                       ; On                 ; On                 ;
; Auto RAM Replacement                                                       ; On                 ; On                 ;
; Auto DSP Block Replacement                                                 ; On                 ; On                 ;
; Auto Shift Register Replacement                                            ; Auto               ; Auto               ;
; Allow Shift Register Merging across Hierarchies                            ; Auto               ; Auto               ;
; Auto Clock Enable Replacement                                              ; On                 ; On                 ;
; Strict RAM Replacement                                                     ; Off                ; Off                ;
; Allow Synchronous Control Signals                                          ; On                 ; On                 ;
; Force Use of Synchronous Clear Signals                                     ; Off                ; Off                ;
; Auto RAM Block Balancing                                                   ; On                 ; On                 ;
; Auto RAM to Logic Cell Conversion                                          ; Off                ; Off                ;
; Auto Resource Sharing                                                      ; Off                ; Off                ;
; Allow Any RAM Size For Recognition                                         ; Off                ; Off                ;
; Allow Any ROM Size For Recognition                                         ; Off                ; Off                ;
; Allow Any Shift Register Size For Recognition                              ; Off                ; Off                ;
; Use LogicLock Constraints during Resource Balancing                        ; On                 ; On                 ;
; Ignore translate_off and synthesis_off directives                          ; Off                ; Off                ;
; Timing-Driven Synthesis                                                    ; On                 ; On                 ;
; Report Parameter Settings                                                  ; On                 ; On                 ;
; Report Source Assignments                                                  ; On                 ; On                 ;
; Report Connectivity Checks                                                 ; On                 ; On                 ;
; Ignore Maximum Fan-Out Assignments                                         ; Off                ; Off                ;
; Synchronization Register Chain Length                                      ; 2                  ; 2                  ;
; PowerPlay Power Optimization                                               ; Normal compilation ; Normal compilation ;
; HDL message level                                                          ; Level2             ; Level2             ;
; Suppress Register Optimization Related Messages                            ; Off                ; Off                ;
; Number of Removed Registers Reported in Synthesis Report                   ; 5000               ; 5000               ;
; Number of Swept Nodes Reported in Synthesis Report                         ; 5000               ; 5000               ;
; Number of Inverted Registers Reported in Synthesis Report                  ; 100                ; 100                ;
; Clock MUX Protection                                                       ; On                 ; On                 ;
; Auto Gated Clock Conversion                                                ; Off                ; Off                ;
; Block Design Naming                                                        ; Auto               ; Auto               ;
; SDC constraint protection                                                  ; Off                ; Off                ;
; Synthesis Effort                                                           ; Auto               ; Auto               ;
; Shift Register Replacement - Allow Asynchronous Clear Signal               ; On                 ; On                 ;
; Pre-Mapping Resynthesis Optimization                                       ; Off                ; Off                ;
; Analysis & Synthesis Message Level                                         ; Medium             ; Medium             ;
; Disable Register Merging Across Hierarchies                                ; Auto               ; Auto               ;
; Resource Aware Inference For Block RAM                                     ; On                 ; On                 ;
; Synthesis Seed                                                             ; 1                  ; 1                  ;
+----------------------------------------------------------------------------+--------------------+--------------------+


+------------------------------------------+
; Parallel Compilation                     ;
+----------------------------+-------------+
; Processors                 ; Number      ;
+----------------------------+-------------+
; Number detected on machine ; 4           ;
; Maximum allowed            ; 2           ;
;                            ;             ;
; Average used               ; 1.00        ;
; Maximum used               ; 1           ;
;                            ;             ;
; Usage by Processor         ; % Time Used ;
;     Processor 1            ; 100.0%      ;
;     Processors 2-4         ;   0.0%      ;
+----------------------------+-------------+


+----------------------------------------------------------------------------------------------------------------------------------------------------------------------+
; Analysis & Synthesis Source Files Read                                                                                                                               ;
+----------------------------------+-----------------+------------------------------------+------------------------------------------------------------------+---------+
; File Name with User-Entered Path ; Used in Netlist ; File Type                          ; File Name with Absolute Path                                     ; Library ;
+----------------------------------+-----------------+------------------------------------+------------------------------------------------------------------+---------+
; A3/RAM16.vhd                     ; yes             ; User Wizard-Generated File         ; C:/logic/hahaha/A3/RAM16.vhd                                     ;         ;
; src/74273_16.bdf                 ; yes             ; User Block Diagram/Schematic File  ; C:/logic/hahaha/src/74273_16.bdf                                 ;         ;
; src/74244_16.bdf                 ; yes             ; User Block Diagram/Schematic File  ; C:/logic/hahaha/src/74244_16.bdf                                 ;         ;
; src/A2ADD16b.bdf                 ; yes             ; User Block Diagram/Schematic File  ; C:/logic/hahaha/src/A2ADD16b.bdf                                 ;         ;
; src/A274181b.bdf                 ; yes             ; User Block Diagram/Schematic File  ; C:/logic/hahaha/src/A274181b.bdf                                 ;         ;
; src/A3RAM.bdf                    ; yes             ; User Block Diagram/Schematic File  ; C:/logic/hahaha/src/A3RAM.bdf                                    ;         ;
; src/A4shift.bdf                  ; yes             ; User Block Diagram/Schematic File  ; C:/logic/hahaha/src/A4shift.bdf                                  ;         ;
; src/74198_16.bdf                 ; yes             ; User Block Diagram/Schematic File  ; C:/logic/hahaha/src/74198_16.bdf                                 ;         ;
; src/74373_16.bdf                 ; yes             ; User Block Diagram/Schematic File  ; C:/logic/hahaha/src/74373_16.bdf                                 ;         ;
; src/74273_8.bdf                  ; yes             ; User Block Diagram/Schematic File  ; C:/logic/hahaha/src/74273_8.bdf                                  ;         ;
; A4.bdf                           ; yes             ; User Block Diagram/Schematic File  ; C:/logic/hahaha/A4.bdf                                           ;         ;
; 74244.bdf                        ; yes             ; Megafunction                       ; c:/quartus/quartus/libraries/others/maxplus2/74244.bdf           ;         ;
; 74198.bdf                        ; yes             ; Megafunction                       ; c:/quartus/quartus/libraries/others/maxplus2/74198.bdf           ;         ;
; altsyncram.tdf                   ; yes             ; Megafunction                       ; c:/quartus/quartus/libraries/megafunctions/altsyncram.tdf        ;         ;
; stratix_ram_block.inc            ; yes             ; Megafunction                       ; c:/quartus/quartus/libraries/megafunctions/stratix_ram_block.inc ;         ;
; lpm_mux.inc                      ; yes             ; Megafunction                       ; c:/quartus/quartus/libraries/megafunctions/lpm_mux.inc           ;         ;
; lpm_decode.inc                   ; yes             ; Megafunction                       ; c:/quartus/quartus/libraries/megafunctions/lpm_decode.inc        ;         ;
; aglobal130.inc                   ; yes             ; Megafunction                       ; c:/quartus/quartus/libraries/megafunctions/aglobal130.inc        ;         ;
; a_rdenreg.inc                    ; yes             ; Megafunction                       ; c:/quartus/quartus/libraries/megafunctions/a_rdenreg.inc         ;         ;
; altrom.inc                       ; yes             ; Megafunction                       ; c:/quartus/quartus/libraries/megafunctions/altrom.inc            ;         ;
; altram.inc                       ; yes             ; Megafunction                       ; c:/quartus/quartus/libraries/megafunctions/altram.inc            ;         ;
; altdpram.inc                     ; yes             ; Megafunction                       ; c:/quartus/quartus/libraries/megafunctions/altdpram.inc          ;         ;
; db/altsyncram_ivd1.tdf           ; yes             ; Auto-Generated Megafunction        ; C:/logic/hahaha/db/altsyncram_ivd1.tdf                           ;         ;
; 74273.bdf                        ; yes             ; Megafunction                       ; c:/quartus/quartus/libraries/others/maxplus2/74273.bdf           ;         ;
; 74182.bdf                        ; yes             ; Megafunction                       ; c:/quartus/quartus/libraries/others/maxplus2/74182.bdf           ;         ;
; 74181.bdf                        ; yes             ; Megafunction                       ; c:/quartus/quartus/libraries/others/maxplus2/74181.bdf           ;         ;
; 74373.bdf                        ; yes             ; Megafunction                       ; c:/quartus/quartus/libraries/others/maxplus2/74373.bdf           ;         ;
+----------------------------------+-----------------+------------------------------------+------------------------------------------------------------------+---------+


+---------------------------------------------+
; Analysis & Synthesis Resource Usage Summary ;
+--------------------------+------------------+
; Resource                 ; Usage            ;
+--------------------------+------------------+
; I/O pins                 ; 49               ;
; Total memory bits        ; 4096             ;
; DSP block 9-bit elements ; 0                ;
; Maximum fan-out node     ; ADD_CLR~input    ;
; Maximum fan-out          ; 32               ;
; Total fan-out            ; 1174             ;
; Average fan-out          ; 2.99             ;
+--------------------------+------------------+


+----------------------------------------------------------------------------------------------------------------------------------------------------------------------------------------------------------------------------------------------------------------------------------+
; Analysis & Synthesis Resource Utilization by Entity                                                                                                                                                                                                                              ;
+----------------------------------------------+-------------------+--------------+-------------+--------------+---------+-----------+-----------+------+--------------+--------------------------------------------------------------------------------------------+--------------+
; Compilation Hierarchy Node                   ; LC Combinationals ; LC Registers ; Memory Bits ; DSP Elements ; DSP 9x9 ; DSP 18x18 ; DSP 36x36 ; Pins ; Virtual Pins ; Full Hierarchy Name                                                                        ; Library Name ;
+----------------------------------------------+-------------------+--------------+-------------+--------------+---------+-----------+-----------+------+--------------+--------------------------------------------------------------------------------------------+--------------+
; |A4                                          ; 190 (0)           ; 72 (0)       ; 4096        ; 0            ; 0       ; 0         ; 0         ; 49   ; 0            ; |A4                                                                                        ; work         ;
;    |74373_16:inst10|                         ; 16 (0)            ; 0 (0)        ; 0           ; 0            ; 0       ; 0         ; 0         ; 0    ; 0            ; |A4|74373_16:inst10                                                                        ; work         ;
;       |74373:inst1|                          ; 8 (8)             ; 0 (0)        ; 0           ; 0            ; 0       ; 0         ; 0         ; 0    ; 0            ; |A4|74373_16:inst10|74373:inst1                                                            ; work         ;
;       |74373:inst|                           ; 8 (8)             ; 0 (0)        ; 0           ; 0            ; 0       ; 0         ; 0         ; 0    ; 0            ; |A4|74373_16:inst10|74373:inst                                                             ; work         ;
;    |74373_16:inst|                           ; 16 (0)            ; 0 (0)        ; 0           ; 0            ; 0       ; 0         ; 0         ; 0    ; 0            ; |A4|74373_16:inst                                                                          ; work         ;
;       |74373:inst1|                          ; 8 (8)             ; 0 (0)        ; 0           ; 0            ; 0       ; 0         ; 0         ; 0    ; 0            ; |A4|74373_16:inst|74373:inst1                                                              ; work         ;
;       |74373:inst|                           ; 8 (8)             ; 0 (0)        ; 0           ; 0            ; 0       ; 0         ; 0         ; 0    ; 0            ; |A4|74373_16:inst|74373:inst                                                               ; work         ;
;    |A2ADD16b:inst13|                         ; 73 (0)            ; 32 (0)       ; 0           ; 0            ; 0       ; 0         ; 0         ; 0    ; 0            ; |A4|A2ADD16b:inst13                                                                        ; work         ;
;       |74244_16:inst6|                       ; 8 (0)             ; 0 (0)        ; 0           ; 0            ; 0       ; 0         ; 0         ; 0    ; 0            ; |A4|A2ADD16b:inst13|74244_16:inst6                                                         ; work         ;
;          |74244:inst1|                       ; 4 (4)             ; 0 (0)        ; 0           ; 0            ; 0       ; 0         ; 0         ; 0    ; 0            ; |A4|A2ADD16b:inst13|74244_16:inst6|74244:inst1                                             ; work         ;
;          |74244:inst|                        ; 4 (4)             ; 0 (0)        ; 0           ; 0            ; 0       ; 0         ; 0         ; 0    ; 0            ; |A4|A2ADD16b:inst13|74244_16:inst6|74244:inst                                              ; work         ;
;       |74273_16:inst2|                       ; 0 (0)             ; 16 (0)       ; 0           ; 0            ; 0       ; 0         ; 0         ; 0    ; 0            ; |A4|A2ADD16b:inst13|74273_16:inst2                                                         ; work         ;
;          |74273:inst1|                       ; 0 (0)             ; 8 (8)        ; 0           ; 0            ; 0       ; 0         ; 0         ; 0    ; 0            ; |A4|A2ADD16b:inst13|74273_16:inst2|74273:inst1                                             ; work         ;
;          |74273:inst2|                       ; 0 (0)             ; 8 (8)        ; 0           ; 0            ; 0       ; 0         ; 0         ; 0    ; 0            ; |A4|A2ADD16b:inst13|74273_16:inst2|74273:inst2                                             ; work         ;
;       |74273_16:inst|                        ; 0 (0)             ; 16 (0)       ; 0           ; 0            ; 0       ; 0         ; 0         ; 0    ; 0            ; |A4|A2ADD16b:inst13|74273_16:inst                                                          ; work         ;
;          |74273:inst1|                       ; 0 (0)             ; 8 (8)        ; 0           ; 0            ; 0       ; 0         ; 0         ; 0    ; 0            ; |A4|A2ADD16b:inst13|74273_16:inst|74273:inst1                                              ; work         ;
;          |74273:inst2|                       ; 0 (0)             ; 8 (8)        ; 0           ; 0            ; 0       ; 0         ; 0         ; 0    ; 0            ; |A4|A2ADD16b:inst13|74273_16:inst|74273:inst2                                              ; work         ;
;       |A274181b:inst3|                       ; 65 (0)            ; 0 (0)        ; 0           ; 0            ; 0       ; 0         ; 0         ; 0    ; 0            ; |A4|A2ADD16b:inst13|A274181b:inst3                                                         ; work         ;
;          |74181:inst10|                      ; 13 (13)           ; 0 (0)        ; 0           ; 0            ; 0       ; 0         ; 0         ; 0    ; 0            ; |A4|A2ADD16b:inst13|A274181b:inst3|74181:inst10                                            ; work         ;
;          |74181:inst11|                      ; 14 (14)           ; 0 (0)        ; 0           ; 0            ; 0       ; 0         ; 0         ; 0    ; 0            ; |A4|A2ADD16b:inst13|A274181b:inst3|74181:inst11                                            ; work         ;
;          |74181:inst12|                      ; 13 (13)           ; 0 (0)        ; 0           ; 0            ; 0       ; 0         ; 0         ; 0    ; 0            ; |A4|A2ADD16b:inst13|A274181b:inst3|74181:inst12                                            ; work         ;
;          |74181:inst9|                       ; 14 (14)           ; 0 (0)        ; 0           ; 0            ; 0       ; 0         ; 0         ; 0    ; 0            ; |A4|A2ADD16b:inst13|A274181b:inst3|74181:inst9                                             ; work         ;
;          |74182:inst5|                       ; 11 (11)           ; 0 (0)        ; 0           ; 0            ; 0       ; 0         ; 0         ; 0    ; 0            ; |A4|A2ADD16b:inst13|A274181b:inst3|74182:inst5                                             ; work         ;
;    |A3RAM:inst1|                             ; 0 (0)             ; 24 (0)       ; 4096        ; 0            ; 0       ; 0         ; 0         ; 0    ; 0            ; |A4|A3RAM:inst1                                                                            ; work         ;
;       |74273_16:inst|                        ; 0 (0)             ; 16 (0)       ; 0           ; 0            ; 0       ; 0         ; 0         ; 0    ; 0            ; |A4|A3RAM:inst1|74273_16:inst                                                              ; work         ;
;          |74273:inst1|                       ; 0 (0)             ; 8 (8)        ; 0           ; 0            ; 0       ; 0         ; 0         ; 0    ; 0            ; |A4|A3RAM:inst1|74273_16:inst|74273:inst1                                                  ; work         ;
;          |74273:inst2|                       ; 0 (0)             ; 8 (8)        ; 0           ; 0            ; 0       ; 0         ; 0         ; 0    ; 0            ; |A4|A3RAM:inst1|74273_16:inst|74273:inst2                                                  ; work         ;
;       |74273_8:inst4|                        ; 0 (0)             ; 8 (0)        ; 0           ; 0            ; 0       ; 0         ; 0         ; 0    ; 0            ; |A4|A3RAM:inst1|74273_8:inst4                                                              ; work         ;
;          |74273:inst|                        ; 0 (0)             ; 8 (8)        ; 0           ; 0            ; 0       ; 0         ; 0         ; 0    ; 0            ; |A4|A3RAM:inst1|74273_8:inst4|74273:inst                                                   ; work         ;
;       |RAM16:inst5|                          ; 0 (0)             ; 0 (0)        ; 4096        ; 0            ; 0       ; 0         ; 0         ; 0    ; 0            ; |A4|A3RAM:inst1|RAM16:inst5                                                                ; work         ;
;          |altsyncram:altsyncram_component|   ; 0 (0)             ; 0 (0)        ; 4096        ; 0            ; 0       ; 0         ; 0         ; 0    ; 0            ; |A4|A3RAM:inst1|RAM16:inst5|altsyncram:altsyncram_component                                ; work         ;
;             |altsyncram_ivd1:auto_generated| ; 0 (0)             ; 0 (0)        ; 4096        ; 0            ; 0       ; 0         ; 0         ; 0    ; 0            ; |A4|A3RAM:inst1|RAM16:inst5|altsyncram:altsyncram_component|altsyncram_ivd1:auto_generated ; work         ;
;    |A4shift:inst2|                           ; 85 (0)            ; 16 (0)       ; 0           ; 0            ; 0       ; 0         ; 0         ; 0    ; 0            ; |A4|A4shift:inst2                                                                          ; work         ;
;       |74198_16:inst|                        ; 32 (0)            ; 16 (0)       ; 0           ; 0            ; 0       ; 0         ; 0         ; 0    ; 0            ; |A4|A4shift:inst2|74198_16:inst                                                            ; work         ;
;          |74198:inst2|                       ; 16 (16)           ; 8 (8)        ; 0           ; 0            ; 0       ; 0         ; 0         ; 0    ; 0            ; |A4|A4shift:inst2|74198_16:inst|74198:inst2                                                ; work         ;
;          |74198:inst|                        ; 16 (16)           ; 8 (8)        ; 0           ; 0            ; 0       ; 0         ; 0         ; 0    ; 0            ; |A4|A4shift:inst2|74198_16:inst|74198:inst                                                 ; work         ;
;       |74244_16:inst1|                       ; 53 (0)            ; 0 (0)        ; 0           ; 0            ; 0       ; 0         ; 0         ; 0    ; 0            ; |A4|A4shift:inst2|74244_16:inst1                                                           ; work         ;
;          |74244:inst1|                       ; 28 (28)           ; 0 (0)        ; 0           ; 0            ; 0       ; 0         ; 0         ; 0    ; 0            ; |A4|A4shift:inst2|74244_16:inst1|74244:inst1                                               ; work         ;
;          |74244:inst|                        ; 25 (25)           ; 0 (0)        ; 0           ; 0            ; 0       ; 0         ; 0         ; 0    ; 0            ; |A4|A4shift:inst2|74244_16:inst1|74244:inst                                                ; work         ;
+----------------------------------------------+-------------------+--------------+-------------+--------------+---------+-----------+-----------+------+--------------+--------------------------------------------------------------------------------------------+--------------+
Note: For table entries with two numbers listed, the numbers in parentheses indicate the number of resources of the given type used by the specific entity alone. The numbers listed outside of parentheses indicate the total resources of the given type used by the specific entity and all of its sub-entities in the hierarchy.


+--------------------------------------------------------------------------------------------------------------------------------------------------------------------------------------------------+
; Analysis & Synthesis RAM Summary                                                                                                                                                                 ;
+---------------------------------------------------------------------------------------------------+------+-------------+--------------+--------------+--------------+--------------+------+------+
; Name                                                                                              ; Type ; Mode        ; Port A Depth ; Port A Width ; Port B Depth ; Port B Width ; Size ; MIF  ;
+---------------------------------------------------------------------------------------------------+------+-------------+--------------+--------------+--------------+--------------+------+------+
; A3RAM:inst1|RAM16:inst5|altsyncram:altsyncram_component|altsyncram_ivd1:auto_generated|ALTSYNCRAM ; AUTO ; Single Port ; 256          ; 16           ; --           ; --           ; 4096 ; None ;
+---------------------------------------------------------------------------------------------------+------+-------------+--------------+--------------+--------------+--------------+------+------+


+----------------------------------------------------------------------------------------------------------------------------+
; Analysis & Synthesis IP Cores Summary                                                                                      ;
+--------+--------------+---------+--------------+--------------+-----------------------------+------------------------------+
; Vendor ; IP Core Name ; Version ; Release Date ; License Type ; Entity Instance             ; IP Include File              ;
+--------+--------------+---------+--------------+--------------+-----------------------------+------------------------------+
; Altera ; RAM: 1-PORT  ; N/A     ; N/A          ; N/A          ; |A4|A3RAM:inst1|RAM16:inst5 ; C:/logic/hahaha/A3/RAM16.vhd ;
+--------+--------------+---------+--------------+--------------+-----------------------------+------------------------------+


+----------------------------------------------------------------------------------------------------+
; User-Specified and Inferred Latches                                                                ;
+-----------------------------------------------------+---------------------+------------------------+
; Latch Name                                          ; Latch Enable Signal ; Free of Timing Hazards ;
+-----------------------------------------------------+---------------------+------------------------+
; 74373_16:inst|74373:inst1|19                        ; latch_clk[0]        ; yes                    ;
; 74373_16:inst10|74373:inst1|19                      ; latch_clk[1]        ; yes                    ;
; 74373_16:inst|74373:inst1|18                        ; latch_clk[0]        ; yes                    ;
; 74373_16:inst10|74373:inst1|18                      ; latch_clk[1]        ; yes                    ;
; 74373_16:inst|74373:inst1|17                        ; latch_clk[0]        ; yes                    ;
; 74373_16:inst10|74373:inst1|17                      ; latch_clk[1]        ; yes                    ;
; 74373_16:inst|74373:inst1|16                        ; latch_clk[0]        ; yes                    ;
; 74373_16:inst10|74373:inst1|16                      ; latch_clk[1]        ; yes                    ;
; 74373_16:inst|74373:inst1|15                        ; latch_clk[0]        ; yes                    ;
; 74373_16:inst10|74373:inst1|15                      ; latch_clk[1]        ; yes                    ;
; 74373_16:inst|74373:inst1|14                        ; latch_clk[0]        ; yes                    ;
; 74373_16:inst10|74373:inst1|14                      ; latch_clk[1]        ; yes                    ;
; 74373_16:inst|74373:inst1|13                        ; latch_clk[0]        ; yes                    ;
; 74373_16:inst10|74373:inst1|13                      ; latch_clk[1]        ; yes                    ;
; 74373_16:inst|74373:inst1|12                        ; latch_clk[0]        ; yes                    ;
; 74373_16:inst10|74373:inst1|12                      ; latch_clk[1]        ; yes                    ;
; 74373_16:inst|74373:inst|19                         ; latch_clk[0]        ; yes                    ;
; 74373_16:inst10|74373:inst|19                       ; latch_clk[1]        ; yes                    ;
; 74373_16:inst|74373:inst|18                         ; latch_clk[0]        ; yes                    ;
; 74373_16:inst10|74373:inst|18                       ; latch_clk[1]        ; yes                    ;
; 74373_16:inst|74373:inst|17                         ; latch_clk[0]        ; yes                    ;
; 74373_16:inst10|74373:inst|17                       ; latch_clk[1]        ; yes                    ;
; 74373_16:inst|74373:inst|16                         ; latch_clk[0]        ; yes                    ;
; 74373_16:inst10|74373:inst|16                       ; latch_clk[1]        ; yes                    ;
; 74373_16:inst|74373:inst|15                         ; latch_clk[0]        ; yes                    ;
; 74373_16:inst10|74373:inst|15                       ; latch_clk[1]        ; yes                    ;
; 74373_16:inst|74373:inst|14                         ; latch_clk[0]        ; yes                    ;
; 74373_16:inst10|74373:inst|14                       ; latch_clk[1]        ; yes                    ;
; 74373_16:inst|74373:inst|13                         ; latch_clk[0]        ; yes                    ;
; 74373_16:inst10|74373:inst|13                       ; latch_clk[1]        ; yes                    ;
; 74373_16:inst|74373:inst|12                         ; latch_clk[0]        ; yes                    ;
; 74373_16:inst10|74373:inst|12                       ; latch_clk[1]        ; yes                    ;
; Number of user-specified and inferred latches = 32  ;                     ;                        ;
+-----------------------------------------------------+---------------------+------------------------+
Note: All latches listed above may not be present at the end of synthesis due to various synthesis optimizations.


+------------------------------------------------------+
; General Register Statistics                          ;
+----------------------------------------------+-------+
; Statistic                                    ; Value ;
+----------------------------------------------+-------+
; Total registers                              ; 72    ;
; Number of registers using Synchronous Clear  ; 0     ;
; Number of registers using Synchronous Load   ; 0     ;
; Number of registers using Asynchronous Clear ; 32    ;
; Number of registers using Asynchronous Load  ; 0     ;
; Number of registers using Clock Enable       ; 0     ;
; Number of registers using Preset             ; 0     ;
+----------------------------------------------+-------+


+---------------------------------------------------------------------------------------------------------------+
; Source assignments for A3RAM:inst1|RAM16:inst5|altsyncram:altsyncram_component|altsyncram_ivd1:auto_generated ;
+---------------------------------+--------------------+------+-------------------------------------------------+
; Assignment                      ; Value              ; From ; To                                              ;
+---------------------------------+--------------------+------+-------------------------------------------------+
; OPTIMIZE_POWER_DURING_SYNTHESIS ; NORMAL_COMPILATION ; -    ; -                                               ;
+---------------------------------+--------------------+------+-------------------------------------------------+


+------------------------------------------------------------------------------------------------------+
; Parameter Settings for User Entity Instance: A3RAM:inst1|RAM16:inst5|altsyncram:altsyncram_component ;
+------------------------------------+----------------------+------------------------------------------+
; Parameter Name                     ; Value                ; Type                                     ;
+------------------------------------+----------------------+------------------------------------------+
; BYTE_SIZE_BLOCK                    ; 8                    ; Untyped                                  ;
; AUTO_CARRY_CHAINS                  ; ON                   ; AUTO_CARRY                               ;
; IGNORE_CARRY_BUFFERS               ; OFF                  ; IGNORE_CARRY                             ;
; AUTO_CASCADE_CHAINS                ; ON                   ; AUTO_CASCADE                             ;
; IGNORE_CASCADE_BUFFERS             ; OFF                  ; IGNORE_CASCADE                           ;
; WIDTH_BYTEENA                      ; 1                    ; Untyped                                  ;
; OPERATION_MODE                     ; SINGLE_PORT          ; Untyped                                  ;
; WIDTH_A                            ; 16                   ; Signed Integer                           ;
; WIDTHAD_A                          ; 8                    ; Signed Integer                           ;
; NUMWORDS_A                         ; 256                  ; Signed Integer                           ;
; OUTDATA_REG_A                      ; CLOCK1               ; Untyped                                  ;
; ADDRESS_ACLR_A                     ; NONE                 ; Untyped                                  ;
; OUTDATA_ACLR_A                     ; NONE                 ; Untyped                                  ;
; WRCONTROL_ACLR_A                   ; NONE                 ; Untyped                                  ;
; INDATA_ACLR_A                      ; NONE                 ; Untyped                                  ;
; BYTEENA_ACLR_A                     ; NONE                 ; Untyped                                  ;
; WIDTH_B                            ; 1                    ; Untyped                                  ;
; WIDTHAD_B                          ; 1                    ; Untyped                                  ;
; NUMWORDS_B                         ; 1                    ; Untyped                                  ;
; INDATA_REG_B                       ; CLOCK1               ; Untyped                                  ;
; WRCONTROL_WRADDRESS_REG_B          ; CLOCK1               ; Untyped                                  ;
; RDCONTROL_REG_B                    ; CLOCK1               ; Untyped                                  ;
; ADDRESS_REG_B                      ; CLOCK1               ; Untyped                                  ;
; OUTDATA_REG_B                      ; UNREGISTERED         ; Untyped                                  ;
; BYTEENA_REG_B                      ; CLOCK1               ; Untyped                                  ;
; INDATA_ACLR_B                      ; NONE                 ; Untyped                                  ;
; WRCONTROL_ACLR_B                   ; NONE                 ; Untyped                                  ;
; ADDRESS_ACLR_B                     ; NONE                 ; Untyped                                  ;
; OUTDATA_ACLR_B                     ; NONE                 ; Untyped                                  ;
; RDCONTROL_ACLR_B                   ; NONE                 ; Untyped                                  ;
; BYTEENA_ACLR_B                     ; NONE                 ; Untyped                                  ;
; WIDTH_BYTEENA_A                    ; 1                    ; Signed Integer                           ;
; WIDTH_BYTEENA_B                    ; 1                    ; Untyped                                  ;
; RAM_BLOCK_TYPE                     ; AUTO                 ; Untyped                                  ;
; BYTE_SIZE                          ; 8                    ; Untyped                                  ;
; READ_DURING_WRITE_MODE_MIXED_PORTS ; DONT_CARE            ; Untyped                                  ;
; READ_DURING_WRITE_MODE_PORT_A      ; NEW_DATA_NO_NBE_READ ; Untyped                                  ;
; READ_DURING_WRITE_MODE_PORT_B      ; NEW_DATA_NO_NBE_READ ; Untyped                                  ;
; INIT_FILE                          ; UNUSED               ; Untyped                                  ;
; INIT_FILE_LAYOUT                   ; PORT_A               ; Untyped                                  ;
; MAXIMUM_DEPTH                      ; 0                    ; Untyped                                  ;
; CLOCK_ENABLE_INPUT_A               ; BYPASS               ; Untyped                                  ;
; CLOCK_ENABLE_INPUT_B               ; NORMAL               ; Untyped                                  ;
; CLOCK_ENABLE_OUTPUT_A              ; BYPASS               ; Untyped                                  ;
; CLOCK_ENABLE_OUTPUT_B              ; NORMAL               ; Untyped                                  ;
; CLOCK_ENABLE_CORE_A                ; USE_INPUT_CLKEN      ; Untyped                                  ;
; CLOCK_ENABLE_CORE_B                ; USE_INPUT_CLKEN      ; Untyped                                  ;
; ENABLE_ECC                         ; FALSE                ; Untyped                                  ;
; ECC_PIPELINE_STAGE_ENABLED         ; FALSE                ; Untyped                                  ;
; WIDTH_ECCSTATUS                    ; 3                    ; Untyped                                  ;
; DEVICE_FAMILY                      ; Cyclone IV GX        ; Untyped                                  ;
; CBXI_PARAMETER                     ; altsyncram_ivd1      ; Untyped                                  ;
+------------------------------------+----------------------+------------------------------------------+
Note: In order to hide this table in the UI and the text report file, please set the "Show Parameter Settings in Synthesis Report" option in "Analysis and Synthesis Settings -> More Settings" to "Off".


+-----------------------------------------------------------------------------------------------------+
; altsyncram Parameter Settings by Entity Instance                                                    ;
+-------------------------------------------+---------------------------------------------------------+
; Name                                      ; Value                                                   ;
+-------------------------------------------+---------------------------------------------------------+
; Number of entity instances                ; 1                                                       ;
; Entity Instance                           ; A3RAM:inst1|RAM16:inst5|altsyncram:altsyncram_component ;
;     -- OPERATION_MODE                     ; SINGLE_PORT                                             ;
;     -- WIDTH_A                            ; 16                                                      ;
;     -- NUMWORDS_A                         ; 256                                                     ;
;     -- OUTDATA_REG_A                      ; CLOCK1                                                  ;
;     -- WIDTH_B                            ; 1                                                       ;
;     -- NUMWORDS_B                         ; 1                                                       ;
;     -- ADDRESS_REG_B                      ; CLOCK1                                                  ;
;     -- OUTDATA_REG_B                      ; UNREGISTERED                                            ;
;     -- RAM_BLOCK_TYPE                     ; AUTO                                                    ;
;     -- READ_DURING_WRITE_MODE_MIXED_PORTS ; DONT_CARE                                               ;
+-------------------------------------------+---------------------------------------------------------+


+-------------------------------+
; Elapsed Time Per Partition    ;
+----------------+--------------+
; Partition Name ; Elapsed Time ;
+----------------+--------------+
; Top            ; 00:00:01     ;
+----------------+--------------+


+-------------------------------+
; Analysis & Synthesis Messages ;
+-------------------------------+
Info: *******************************************************************
Info: Running Quartus II 64-Bit Analysis & Synthesis
    Info: Version 13.0.1 Build 232 06/12/2013 Service Pack 1 SJ Full Version
    Info: Processing started: Tue Dec 12 19:04:17 2017
Info: Command: quartus_map --read_settings_files=on --write_settings_files=off A -c A
Info (11104): Parallel Compilation has detected 4 hyper-threaded processors. However, the extra hyper-threaded processors will not be used by default. Parallel Compilation will use 2 of the 2 physical processors detected instead.
Info (12021): Found 2 design units, including 1 entities, in source file a3/ram16.vhd
    Info (12022): Found design unit 1: ram16-SYN
    Info (12023): Found entity 1: RAM16
Info (12021): Found 1 design units, including 1 entities, in source file src/a274181c.bdf
    Info (12023): Found entity 1: A274181c
Info (12021): Found 1 design units, including 1 entities, in source file src/a2add16c.bdf
    Info (12023): Found entity 1: A2ADD16c
Info (12021): Found 1 design units, including 1 entities, in source file src/74273_16.bdf
    Info (12023): Found entity 1: 74273_16
Info (12021): Found 1 design units, including 1 entities, in source file src/74244_16.bdf
    Info (12023): Found entity 1: 74244_16
Info (12021): Found 1 design units, including 1 entities, in source file src/a2add16b.bdf
    Info (12023): Found entity 1: A2ADD16b
Info (12021): Found 1 design units, including 1 entities, in source file src/a274181b.bdf
    Info (12023): Found entity 1: A274181b
Info (12021): Found 1 design units, including 1 entities, in source file src/a3ram.bdf
    Info (12023): Found entity 1: A3RAM
Info (12021): Found 1 design units, including 1 entities, in source file src/a4shift.bdf
    Info (12023): Found entity 1: A4shift
Info (12021): Found 1 design units, including 1 entities, in source file a.bdf
    Info (12023): Found entity 1: A
Info (12021): Found 1 design units, including 1 entities, in source file src/74198_16.bdf
    Info (12023): Found entity 1: 74198_16
Info (12021): Found 1 design units, including 1 entities, in source file src/bus_latch.bdf
    Info (12023): Found entity 1: Bus_Latch
Info (12021): Found 1 design units, including 1 entities, in source file src/74373_16.bdf
    Info (12023): Found entity 1: 74373_16
Warning (12019): Can't analyze file -- file Atest.bdf is missing
Info (12021): Found 1 design units, including 1 entities, in source file a2.bdf
    Info (12023): Found entity 1: A2
Info (12021): Found 1 design units, including 1 entities, in source file a3.bdf
    Info (12023): Found entity 1: A3
Info (12021): Found 1 design units, including 1 entities, in source file src/74273_8.bdf
    Info (12023): Found entity 1: 74273_8
Info (12021): Found 1 design units, including 1 entities, in source file a4.bdf
    Info (12023): Found entity 1: A4
Info (12127): Elaborating entity "A4" for the top level hierarchy
Warning (275043): Pin "ADD_CN4" is missing source
Info (12128): Elaborating entity "A4shift" for hierarchy "A4shift:inst2"
Info (12128): Elaborating entity "74244_16" for hierarchy "A4shift:inst2|74244_16:inst1"
Info (12128): Elaborating entity "74244" for hierarchy "A4shift:inst2|74244_16:inst1|74244:inst"
Info (12130): Elaborated megafunction instantiation "A4shift:inst2|74244_16:inst1|74244:inst"
Info (12128): Elaborating entity "74198_16" for hierarchy "A4shift:inst2|74198_16:inst"
Info (12128): Elaborating entity "74198" for hierarchy "A4shift:inst2|74198_16:inst|74198:inst"
Info (12130): Elaborated megafunction instantiation "A4shift:inst2|74198_16:inst|74198:inst"
Info (12128): Elaborating entity "A3RAM" for hierarchy "A3RAM:inst1"
Info (12128): Elaborating entity "RAM16" for hierarchy "A3RAM:inst1|RAM16:inst5"
Info (12128): Elaborating entity "altsyncram" for hierarchy "A3RAM:inst1|RAM16:inst5|altsyncram:altsyncram_component"
Info (12130): Elaborated megafunction instantiation "A3RAM:inst1|RAM16:inst5|altsyncram:altsyncram_component"
Info (12133): Instantiated megafunction "A3RAM:inst1|RAM16:inst5|altsyncram:altsyncram_component" with the following parameter:
    Info (12134): Parameter "clock_enable_input_a" = "BYPASS"
    Info (12134): Parameter "clock_enable_output_a" = "BYPASS"
    Info (12134): Parameter "intended_device_family" = "Cyclone IV GX"
    Info (12134): Parameter "lpm_type" = "altsyncram"
    Info (12134): Parameter "numwords_a" = "256"
    Info (12134): Parameter "operation_mode" = "SINGLE_PORT"
    Info (12134): Parameter "outdata_aclr_a" = "NONE"
    Info (12134): Parameter "outdata_reg_a" = "CLOCK1"
    Info (12134): Parameter "power_up_uninitialized" = "FALSE"
    Info (12134): Parameter "read_during_write_mode_port_a" = "NEW_DATA_NO_NBE_READ"
    Info (12134): Parameter "widthad_a" = "8"
    Info (12134): Parameter "width_a" = "16"
    Info (12134): Parameter "width_byteena_a" = "1"
Info (12021): Found 1 design units, including 1 entities, in source file db/altsyncram_ivd1.tdf
    Info (12023): Found entity 1: altsyncram_ivd1
Info (12128): Elaborating entity "altsyncram_ivd1" for hierarchy "A3RAM:inst1|RAM16:inst5|altsyncram:altsyncram_component|altsyncram_ivd1:auto_generated"
Info (12128): Elaborating entity "74273_8" for hierarchy "A3RAM:inst1|74273_8:inst4"
Info (12128): Elaborating entity "74273" for hierarchy "A3RAM:inst1|74273_8:inst4|74273:inst"
Info (12130): Elaborated megafunction instantiation "A3RAM:inst1|74273_8:inst4|74273:inst"
Info (12128): Elaborating entity "74273_16" for hierarchy "A3RAM:inst1|74273_16:inst"
Info (12128): Elaborating entity "A2ADD16b" for hierarchy "A2ADD16b:inst13"
Info (12128): Elaborating entity "A274181b" for hierarchy "A2ADD16b:inst13|A274181b:inst3"
Info (12128): Elaborating entity "74182" for hierarchy "A2ADD16b:inst13|A274181b:inst3|74182:inst5"
Info (12130): Elaborated megafunction instantiation "A2ADD16b:inst13|A274181b:inst3|74182:inst5"
Info (12128): Elaborating entity "74181" for hierarchy "A2ADD16b:inst13|A274181b:inst3|74181:inst10"
Info (12130): Elaborated megafunction instantiation "A2ADD16b:inst13|A274181b:inst3|74181:inst10"
Info (12128): Elaborating entity "74373_16" for hierarchy "74373_16:inst"
Info (12128): Elaborating entity "74373" for hierarchy "74373_16:inst|74373:inst"
Info (12130): Elaborated megafunction instantiation "74373_16:inst|74373:inst"
Info (13014): Ignored 60 buffer(s)
    Info (13019): Ignored 60 SOFT buffer(s)
Warning (13024): Output pins are stuck at VCC or GND
    Warning (13410): Pin "ADD_CN4" is stuck at GND
Info (286030): Timing-Driven Synthesis is running
Info (16010): Generating hard_block partition "hard_block:auto_generated_inst"
    Info (16011): Adding 0 node(s), including 0 DDIO, 0 PLL, 0 transceiver and 0 LCELL
Info (21057): Implemented 311 device resources after synthesis - the final resource count might be different
    Info (21058): Implemented 32 input pins
    Info (21059): Implemented 1 output pins
    Info (21060): Implemented 16 bidirectional pins
    Info (21061): Implemented 246 logic cells
    Info (21064): Implemented 16 RAM segments
Info: Quartus II 64-Bit Analysis & Synthesis was successful. 0 errors, 4 warnings
    Info: Peak virtual memory: 573 megabytes
    Info: Processing ended: Tue Dec 12 19:04:22 2017
    Info: Elapsed time: 00:00:05
    Info: Total CPU time (on all processors): 00:00:04


