Flow report for A2
Mon Nov 13 16:26:40 2017
Quartus II 64-Bit Version 13.0.1 Build 232 06/12/2013 Service Pack 1 SJ Full Version


---------------------
; Table of Contents ;
---------------------
  1. Legal Notice
  2. Flow Summary
  3. Flow Settings
  4. Flow Non-Default Global Settings
  5. Flow Elapsed Time
  6. Flow OS Summary
  7. Flow Log
  8. Flow Messages
  9. Flow Suppressed Messages



----------------
; Legal Notice ;
----------------
Copyright (C) 1991-2013 Altera Corporation
Your use of Altera Corporation's design tools, logic functions 
and other software and tools, and its AMPP partner logic 
functions, and any output files from any of the foregoing 
(including device programming or simulation files), and any 
associated documentation or information are expressly subject 
to the terms and conditions of the Altera Program License 
Subscription Agreement, Altera MegaCore Function License 
Agreement, or other applicable license agreement, including, 
without limitation, that your use is for the sole purpose of 
programming logic devices manufactured by Altera and sold by 
Altera or its authorized distributors.  Please refer to the 
applicable agreement for further details.



+---------------------------------------------------------------------------------------+
; Flow Summary                                                                          ;
+------------------------------------+--------------------------------------------------+
; Flow Status                        ; Successful - Mon Nov 13 16:26:35 2017            ;
; Quartus II 64-Bit Version          ; 13.0.1 Build 232 06/12/2013 SP 1 SJ Full Version ;
; Revision Name                      ; A2                                               ;
; Top-level Entity Name              ; A2-74273                                         ;
; Family                             ; Cyclone IV GX                                    ;
; Total logic elements               ; 69 / 21,280 ( < 1 % )                            ;
;     Total combinational functions  ; 69 / 21,280 ( < 1 % )                            ;
;     Dedicated logic registers      ; 32 / 21,280 ( < 1 % )                            ;
; Total registers                    ; 32                                               ;
; Total pins                         ; 62 / 167 ( 37 % )                                ;
; Total virtual pins                 ; 0                                                ;
; Total memory bits                  ; 0 / 774,144 ( 0 % )                              ;
; Embedded Multiplier 9-bit elements ; 0 / 80 ( 0 % )                                   ;
; Total GXB Receiver Channel PCS     ; 0 / 4 ( 0 % )                                    ;
; Total GXB Receiver Channel PMA     ; 0 / 4 ( 0 % )                                    ;
; Total GXB Transmitter Channel PCS  ; 0 / 4 ( 0 % )                                    ;
; Total GXB Transmitter Channel PMA  ; 0 / 4 ( 0 % )                                    ;
; Total PLLs                         ; 0 / 4 ( 0 % )                                    ;
; Device                             ; EP4CGX22CF19C6                                   ;
; Timing Models                      ; Final                                            ;
+------------------------------------+--------------------------------------------------+


+-----------------------------------------+
; Flow Settings                           ;
+-------------------+---------------------+
; Option            ; Setting             ;
+-------------------+---------------------+
; Start date & time ; 11/13/2017 16:26:14 ;
; Main task         ; Compilation         ;
; Revision Name     ; A2                  ;
+-------------------+---------------------+


+-----------------------------------------------------------------------------------------------------------------+
; Flow Non-Default Global Settings                                                                                ;
+-------------------------------------+--------------------------------+---------------+-------------+------------+
; Assignment Name                     ; Value                          ; Default Value ; Entity Name ; Section Id ;
+-------------------------------------+--------------------------------+---------------+-------------+------------+
; COMPILER_SIGNATURE_ID               ; 79461739097422.151056157308472 ; --            ; --          ; --         ;
; PARTITION_COLOR                     ; 16764057                       ; --            ; A2-74273    ; Top        ;
; PARTITION_FITTER_PRESERVATION_LEVEL ; PLACEMENT_AND_ROUTING          ; --            ; A2-74273    ; Top        ;
; PARTITION_NETLIST_TYPE              ; SOURCE                         ; --            ; A2-74273    ; Top        ;
; PROJECT_OUTPUT_DIRECTORY            ; output_files                   ; --            ; --          ; --         ;
; TOP_LEVEL_ENTITY                    ; A2-74273                       ; A2            ; --          ; --         ;
+-------------------------------------+--------------------------------+---------------+-------------+------------+


+-------------------------------------------------------------------------------------------------------------------------------+
; Flow Elapsed Time                                                                                                             ;
+---------------------------+--------------+-------------------------+---------------------+------------------------------------+
; Module Name               ; Elapsed Time ; Average Processors Used ; Peak Virtual Memory ; Total CPU Time (on all processors) ;
+---------------------------+--------------+-------------------------+---------------------+------------------------------------+
; Analysis & Synthesis      ; 00:00:03     ; 1.0                     ; 554 MB              ; 00:00:02                           ;
; Fitter                    ; 00:00:13     ; 1.5                     ; 1299 MB             ; 00:00:15                           ;
; Assembler                 ; 00:00:03     ; 1.0                     ; 501 MB              ; 00:00:03                           ;
; TimeQuest Timing Analyzer ; 00:00:04     ; 1.0                     ; 535 MB              ; 00:00:04                           ;
; Total                     ; 00:00:23     ; --                      ; --                  ; 00:00:24                           ;
+---------------------------+--------------+-------------------------+---------------------+------------------------------------+


+----------------------------------------------------------------------------------------+
; Flow OS Summary                                                                        ;
+---------------------------+------------------+-----------+------------+----------------+
; Module Name               ; Machine Hostname ; OS Name   ; OS Version ; Processor type ;
+---------------------------+------------------+-----------+------------+----------------+
; Analysis & Synthesis      ; LAPTOP-SSV8ASJC  ; Windows 7 ; 6.2        ; x86_64         ;
; Fitter                    ; LAPTOP-SSV8ASJC  ; Windows 7 ; 6.2        ; x86_64         ;
; Assembler                 ; LAPTOP-SSV8ASJC  ; Windows 7 ; 6.2        ; x86_64         ;
; TimeQuest Timing Analyzer ; LAPTOP-SSV8ASJC  ; Windows 7 ; 6.2        ; x86_64         ;
+---------------------------+------------------+-----------+------------+----------------+


------------
; Flow Log ;
------------
quartus_map --read_settings_files=on --write_settings_files=off A2 -c A2
quartus_fit --read_settings_files=off --write_settings_files=off A2 -c A2
quartus_asm --read_settings_files=off --write_settings_files=off A2 -c A2
quartus_sta A2 -c A2



